{ Using PSTWRITER 17.2.0 d001Aug-25-2020 at 16:02:07 }

#1 WARNING(ORCAP-36049): Ignoring following Component Definition properties since they also exists as Component Instance properties in Q:\Data\CDS_SITE\allegro.cfg.
              ASSY_OPT , BOM_IGNORE
#2 WARNING(ORCAP-36038): "No_connect" property on Pin "U38.H3" ignored for U38: 6RT_EVK, 14 FREELINK (11.30, 2.60). Connecting pin to net "SDA_JTAG_TDO".
#3 WARNING(ORCAP-36038): "No_connect" property on Pin "U38.G3" ignored for U38: 6RT_EVK, 14 FREELINK (11.30, 2.60). Connecting pin to net "SDA_JTAG_TDI".
#4 WARNING(ORCAP-36038): "No_connect" property on Pin "U12.8" ignored for U12: 6RT_EVK, 08 CAN (10.24, 7.08). Connecting pin to net "N101242940".
#5 WARNING(ORCAP-36038): "No_connect" property on Pin "U38.F7" ignored for U38: 6RT_EVK, 14 FREELINK (22.30, 2.30). Connecting pin to net "POWER_EN".
#6 WARNING(ORCAP-36038): "No_connect" property on Pin "U38.A8" ignored for U38: 6RT_EVK, 14 FREELINK (22.30, 2.30). Connecting pin to net "VTRG_FAULT_B".
#7 WARNING(ORCAP-36038): "No_connect" property on Pin "J35.1" ignored for J35: 6RT_EVK, 15 CSI (11.41, 7.98). Connecting pin to net "GND".
#8 WARNING(ORCAP-36038): "No_connect" property on Pin "J8.A6" ignored for J8: 6RT_EVK, 06 LCD (15.36, 4.20). Connecting pin to net "GND".
#9 WARNING(ORCAP-36038): "No_connect" property on Pin "J8.A5" ignored for J8: 6RT_EVK, 06 LCD (15.36, 4.20). Connecting pin to net "GND".
#10 WARNING(ORCAP-36038): "No_connect" property on Pin "J8.A7" ignored for J8: 6RT_EVK, 06 LCD (15.36, 4.20). Connecting pin to net "GND".
#11 WARNING(ORCAP-36038): "No_connect" property on Pin "J8.A22" ignored for J8: 6RT_EVK, 06 LCD (15.36, 4.20). Connecting pin to net "GND".
#12 WARNING(ORCAP-36038): "No_connect" property on Pin "J8.A21" ignored for J8: 6RT_EVK, 06 LCD (15.36, 4.20). Connecting pin to net "GND".
#13 WARNING(ORCAP-36038): "No_connect" property on Pin "J8.A23" ignored for J8: 6RT_EVK, 06 LCD (15.36, 4.20). Connecting pin to net "GND".
#14 WARNING(ORCAP-36038): "No_connect" property on Pin "J8.A13" ignored for J8: 6RT_EVK, 06 LCD (15.36, 4.20). Connecting pin to net "GND".
#15 WARNING(ORCAP-36038): "No_connect" property on Pin "J8.A14" ignored for J8: 6RT_EVK, 06 LCD (15.36, 4.20). Connecting pin to net "GND".
#16 WARNING(ORCAP-36038): "No_connect" property on Pin "H1.1" ignored for H1: 6RT_EVK, 03 MAIN POWER (6.90, 10.31). Connecting pin to net "GND".
#17 WARNING(ORCAP-36038): "No_connect" property on Pin "H2.1" ignored for H2: 6RT_EVK, 03 MAIN POWER (7.50, 10.31). Connecting pin to net "GND".
#18 WARNING(ORCAP-36038): "No_connect" property on Pin "H3.1" ignored for H3: 6RT_EVK, 03 MAIN POWER (8.10, 10.31). Connecting pin to net "GND".
#19 WARNING(ORCAP-36038): "No_connect" property on Pin "H4.1" ignored for H4: 6RT_EVK, 03 MAIN POWER (8.80, 10.31). Connecting pin to net "GND".
#20 WARNING(ORCAP-36038): "No_connect" property on Pin "U19.A3" ignored for U19: 6RT_EVK, 11 SD/FLASH (4.65, 8.63). Connecting pin to net "N101616215".
INFO(ORCAP-36102): Diff Pair DRC check Warnings:
INFO(ORCAP-17055): Differential pair ENET_TRD2 has only one net ENET_TXP associated with it. A valid differential pair must have two nets associated with it. 

#21 WARNING(ORCAP-36006): Part Name "CAP_NP_CC0402_25_DISCRETE_0.64MM_150-75634_0.1UF" is renamed to "CAP_NP_CC0402_25_DISCRETE_0.64M".
#22 WARNING(ORCAP-36006): Part Name "CAP_NP_0402_CC_DISCRETE_0.55MM_150-76271_0.22UF" is renamed to "CAP_NP_0402_CC_DISCRETE_0.55MM_".
#23 WARNING(ORCAP-36006): Part Name "CAP_NP_0402_CC_DISCRETE_0.6MM_150-75772_1.0UF" is renamed to "CAP_NP_0402_CC_DISCRETE_0.6MM_1".
#24 WARNING(ORCAP-36006): Part Name "CAP_NP_CC0402_25_DISCRETE_0.55 MM_150-30269_56PF" is renamed to "CAP_NP_CC0402_25_DISCRETE_0.55".
#25 WARNING(ORCAP-36006): Part Name "CAP_NP_CC0402_25_DISCRETE_0.56MM_150-30082_0.01UF_20%" is renamed to "CAP_NP_CC0402_25_DISCRETE_0.56M".
#26 WARNING(ORCAP-36006): Part Name "CAP_NP_CC0603_OV_DISCRETE_1.016MM_150-78675_10UF" is renamed to "CAP_NP_CC0603_OV_DISCRETE_1.016".
#27 WARNING(ORCAP-36006): Part Name "CAP_NP_0402_CC_DISCRETE_0.65MM_150-78463_4.7UF" is renamed to "CAP_NP_0402_CC_DISCRETE_0.65MM_".
#28 WARNING(ORCAP-36006): Part Name "CAP_NP_0402_CC_DISCRETE_0.55MM_150-30297_220PF" is renamed to "CAP_NP_0402_CC_DISCRETE_0.55M_1".
#29 WARNING(ORCAP-36006): Part Name "CAP_NP_0402_CC_DISCRETE_0.55MM_150-75720_15PF" is renamed to "CAP_NP_0402_CC_DISCRETE_0.55M_2".
#30 WARNING(ORCAP-36006): Part Name "CAP_NP_0603_CC_DISCRETE_1MM_150-78467_22UF" is renamed to "CAP_NP_0603_CC_DISCRETE_1MM_150".
#31 WARNING(ORCAP-36006): Part Name "CAP_NP_CC0402_25_DISCRETE_0.55MM_150-79454_2.2UF" is renamed to "CAP_NP_CC0402_25_DISCRETE_0.55M".
#32 WARNING(ORCAP-36006): Part Name "CAP_NP_CC0402_25_DISCRETE_0.635MM_150-75265_10PF_5%" is renamed to "CAP_NP_CC0402_25_DISCRETE_0.635".
#33 WARNING(ORCAP-36006): Part Name "CAP_NP_0402_CC_DISCRETE_0.6MM_150-75772_1.0UF_" is renamed to "CAP_NP_0402_CC_DISCRETE_0.6MM_2".
#34 WARNING(ORCAP-36006): Part Name "CAP_NP_CC0603_OV_DISCRETE_1MM_150-78467_22UF" is renamed to "CAP_NP_CC0603_OV_DISCRETE_1MM_1".
#35 WARNING(ORCAP-36006): Part Name "CAP_NP_0402_CC_DISCRETE_0.65MM_150-78463_4.7UF_20%" is renamed to "CAP_NP_0402_CC_DISCRETE_0.65M_1".
#36 WARNING(ORCAP-36006): Part Name "CAP_NP_0402_CC_DISCRETE_0.59MM_150-76630_18PF" is renamed to "CAP_NP_0402_CC_DISCRETE_0.59MM_".
#37 WARNING(ORCAP-36006): Part Name "CAP_NP_0402_CC_DISCRETE_0.55MM_150-76334_1000PF" is renamed to "CAP_NP_0402_CC_DISCRETE_0.55M_3".
#38 WARNING(ORCAP-36006): Part Name "CAP_NP_CC0402_25_DISCRETE_.55MM_150-30109_27PF" is renamed to "CAP_NP_CC0402_25_DISCRETE_.55MM".
#39 WARNING(ORCAP-36006): Part Name "CAP_NP_CC1206_OV_DISCRETE_1.8MM_150-78503_47UF" is renamed to "CAP_NP_CC1206_OV_DISCRETE_1.8MM".
#40 WARNING(ORCAP-36006): Part Name "CAP_NP_CC1210_DISCRETE_2.2MM_150-76796_33UF" is renamed to "CAP_NP_CC1210_DISCRETE_2.2MM_15".
#41 WARNING(ORCAP-36006): Part Name "CAP_NP_0402_CC_DISCRETE_0.55MM_150-76335_4.7PF" is renamed to "CAP_NP_0402_CC_DISCRETE_0.55M_4".
#42 WARNING(ORCAP-36006): Part Name "CAP_NP_0402_CC_DISCRETE_0.635MM_150-75265_10PF" is renamed to "CAP_NP_0402_CC_DISCRETE_0.635MM".
#43 WARNING(ORCAP-36006): Part Name "CAP_NP_CC0402_25_DISCRETE_0.7MM_150-80189_2.2UF" is renamed to "CAP_NP_CC0402_25_DISCRETE_0.7MM".
#44 WARNING(ORCAP-36006): Part Name "ZDIODE_SOD_523_1P4_IC_0.7MM_480-77217_MM5Z5V1ST1G" is renamed to "ZDIODE_SOD_523_1P4_IC_0.7MM_480".
#45 WARNING(ORCAP-36006): Part Name "DIODE_CASE403D_02_IC_2.41MM_480-75982_MBRA160T3G" is renamed to "DIODE_CASE403D_02_IC_2.41MM_480".
#46 WARNING(ORCAP-36006): Part Name "DIODE_NUP2105L_SOT-23_IC_1.11MM_480-77157_NUP2105L" is renamed to "DIODE_NUP2105L_SOT-23_IC_1.11MM".
#47 WARNING(ORCAP-36006): Part Name "DIODE_SCHTKY_SOD523_IC_0.65MM_480-79672_RB521S30" is renamed to "DIODE_SCHTKY_SOD523_IC_0.65MM_4".
#48 WARNING(ORCAP-36006): Part Name "DIODE_SCHTKY_SOD-123_IC_1MM_480-75997_MBR120VLSFT1G" is renamed to "DIODE_SCHTKY_SOD-123_IC_1MM_480".
#49 WARNING(ORCAP-36006): Part Name "LED_LED_0603_IC_0.85MM_370-76549_GREEN" is renamed to "LED_LED_0603_IC_0.85MM_370-7654".
#50 WARNING(ORCAP-36006): Part Name "LED_LED_0603_IC_0.9MM_370-75079_RED" is renamed to "LED_LED_0603_IC_0.9MM_370-75079".
#51 WARNING(ORCAP-36006): Part Name "LED_DUAL_SEP_RG_LED_DUAL_3025MM_SM_IC_1.1MM_370-75097_LED_RED-GRN" is renamed to "LED_DUAL_SEP_RG_LED_DUAL_3025MM".
#52 WARNING(ORCAP-36006): Part Name "FILTER_4P_IND4_4P7X3P4_SMT_DISCRETE_3MM_180-77935_ACT45B-510-2P" is renamed to "FILTER_4P_IND4_4P7X3P4_SMT_DISC".
#53 WARNING(ORCAP-36006): Part Name "SPACER_SPACER_139T_IC_16.13MM_280-76498_.635" LONG" is renamed to "SPACER_SPACER_139T_IC_16.13MM_2".
#54 WARNING(ORCAP-36006): Part Name "CONN_HDR_5X2_HDR205_IO_8.59MM_210-81467_HDR 2X5" is renamed to "CONN_HDR_5X2_HDR205_IO_8.59MM_2".
#55 WARNING(ORCAP-36006): Part Name "USB_MINI_AB_RECEPTACLE_CON_USB5_MICROAB_0P65_SM_IO_2.8MM_211-80104_USB_MICROAB_RECEPTACLE" is renamed to "USB_MINI_AB_RECEPTACLE_CON_USB5".
#56 WARNING(ORCAP-36006): Part Name "CONN_HDR_3X1_HDR103_IO_8.59MM_210-81491_HDR_1X3" is renamed to "CONN_HDR_3X1_HDR103_IO_8.59MM_2".
#57 WARNING(ORCAP-36006): Part Name "CONN_AUDIOJACK_6P_CON6_AUDJACK_RA_TH_IO_4.85 MM_211-79704_PJ31360-I" is renamed to "CONN_AUDIOJACK_6P_CON6_AUDJACK_".
#58 WARNING(ORCAP-36006): Part Name "CONN_HDR_2X1_HDR102_IO_8.59MM_210-81490_HDR 1X2" is renamed to "CONN_HDR_2X1_HDR102_IO_8.59MM_2".
#59 WARNING(ORCAP-36006): Part Name "KLPX0848A_CON2_RCA_RA_TH_13MM_210-78092_CON_2_RCA" is renamed to "KLPX0848A_CON2_RCA_RA_TH_13MM_2".
#60 WARNING(ORCAP-36006): Part Name "RJ45_HR961160C_12P_CON12_RJ45_1P02_SM_IO_15.88 MM_211-79967_RJ45_YLW+GRN" is renamed to "RJ45_HR961160C_12P_CON12_RJ45_1".
#61 WARNING(ORCAP-36006): Part Name "PHONEJACK-3_CON3_PWR_TH_IO_11.2MM_210-80780_CON_1_PWR" is renamed to "PHONEJACK-3_CON3_PWR_TH_IO_11.2".
#62 WARNING(ORCAP-36006): Part Name "CONN_HDR_10X2_HDR_2X10M_100_TH_IO_9.3MM_210-80775_BH25420B301" is renamed to "CONN_HDR_10X2_HDR_2X10M_100_TH_".
#63 WARNING(ORCAP-36006): Part Name "CONN_HDR_8X1_CON_1X8_SKT_2P54_TH_IO_8.75MM_210-81617_SKT_1X8" is renamed to "CONN_HDR_8X1_CON_1X8_SKT_2P54_T".
#64 WARNING(ORCAP-36006): Part Name "CONN_HDR_6X1_CON_SKT1X6_TH_IO_8.75MM_210-81616_SKT_1X6" is renamed to "CONN_HDR_6X1_CON_SKT1X6_TH_IO_8".
#65 WARNING(ORCAP-36006): Part Name "CONN_HDR_10X1_CON_SKT1X10_TH_IO_8.75MM_210-81618_SKT_1X10" is renamed to "CONN_HDR_10X1_CON_SKT1X10_TH_IO".
#66 WARNING(ORCAP-36006): Part Name "CONN_HDR_5X2_HDR205_50_TH_IO_4.38MM_210-81466_HDR 2X5" is renamed to "CONN_HDR_5X2_HDR205_50_TH_IO_4.".
#67 WARNING(ORCAP-36006): Part Name "CON_1X24_FPC1X24_0P5_16P6X5P35_IO_3.71 MM_211-80120_CON_1X24" is renamed to "CON_1X24_FPC1X24_0P5_16P6X5P35_".
#68 WARNING(ORCAP-36006): Part Name "CON8_SDCARD_DETECT_CON_SDCARD_95220_IO_2.13MM_211-80169_95220030-14RRF" is renamed to "CON8_SDCARD_DETECT_CON_SDCARD_9".
#69 WARNING(ORCAP-36006): Part Name "MODULE_LCD_46P_MODULE_TOUCH_PANEL_46P_IO_6.75MM_750-77763_CON 1X40 + CON 1X6 + TFT DISPLAY" is renamed to "MODULE_LCD_46P_MODULE_TOUCH_PAN".
#70 WARNING(ORCAP-36006): Part Name "JUMPER1X2_100MIL_TH_IO_4MM_210-30004_SHORT_100MIL" is renamed to "JUMPER1X2_100MIL_TH_IO_4MM_210-".
#71 WARNING(ORCAP-36006): Part Name "IND_FERRITE_IND_VLS4012E_DISCRETE_1.2MM_180-78674_4.7UH" is renamed to "IND_FERRITE_IND_VLS4012E_DISCRE".
#72 WARNING(ORCAP-36006): Part Name "INDUCTOR_FERRITE_0402_CC_DISCRETE_0.55MM_180-77771_120 OHM" is renamed to "INDUCTOR_FERRITE_0402_CC_DISCRE".
#73 WARNING(ORCAP-36006): Part Name "BEAD_IND_1608_DISCRETE_0.95MM_180-78156_330 OHM_25%" is renamed to "BEAD_IND_1608_DISCRETE_0.95MM_1".
#74 WARNING(ORCAP-36006): Part Name "IND_IND_4020_DISCRETE_2.2MM_180-77797_1UH_30%" is renamed to "IND_IND_4020_DISCRETE_2.2MM_180".
#75 WARNING(ORCAP-36006): Part Name "IND_FERRITE_IND_VLS4012E_DISCRETE_1.2MM_180-78215_10UH" is renamed to "IND_FERRITE_IND_VLS4012E_DISC_1".
#76 WARNING(ORCAP-36006): Part Name "DLW43_IND4_CHOKE_0805_DISCRETE_1MM_180-76336_90OHM" is renamed to "DLW43_IND4_CHOKE_0805_DISCRETE_".
#77 WARNING(ORCAP-36006): Part Name "MIC_POM_MIC_WM-63PR_IC_2.4MM_510-77987_EM6022P" is renamed to "MIC_POM_MIC_WM-63PR_IC_2.4MM_51".
#78 WARNING(ORCAP-36006): Part Name "FDMA530PZ_MLP6_2X2MM_SLUG_IC_0.8MM_480-77039_FDMA530PZ" is renamed to "FDMA530PZ_MLP6_2X2MM_SLUG_IC_0.".
#79 WARNING(ORCAP-36006): Part Name "2SK3018_SOT323_3_IC_0.9MM_480-75317_2SK3018" is renamed to "2SK3018_SOT323_3_IC_0.9MM_480-7".
#80 WARNING(ORCAP-36006): Part Name "PNP_SC_75_IC_0.9 MM_480-78465_MMBT3906TT1G" is renamed to "PNP_SC_75_IC_0.9 MM_480-78465_M".
#81 WARNING(ORCAP-36006): Part Name "NMOS_2N7002BKW_3P_SOT23_A_IC_1.1MM_480-79704_BSH111BK" is renamed to "NMOS_2N7002BKW_3P_SOT23_A_IC_1.".
#82 WARNING(ORCAP-36006): Part Name "MOSFET_P_SOT-23_IC_1.12MM_480-77718_IRLML6401" is renamed to "MOSFET_P_SOT-23_IC_1.12MM_480-7".
#83 WARNING(ORCAP-36006): Part Name "RES_0402_CC_DISCRETE_0.45 MM_470-75394_0" is renamed to "RES_0402_CC_DISCRETE_0.45 MM_47".
#84 WARNING(ORCAP-36006): Part Name "RES_0402_CC_DISCRETE_0.4 MM_470-75557_10K_5%" is renamed to "RES_0402_CC_DISCRETE_0.4 MM_470".
#85 WARNING(ORCAP-36006): Part Name "RES_0402_CC_DISCRETE_0.4 MM_470-75557_10K" is renamed to "RES_0402_CC_DISCRETE_0.4 MM_4_1".
#86 WARNING(ORCAP-36006): Part Name "RES_0402_CC_DISCRETE_0.41MM_470-75555_1K" is renamed to "RES_0402_CC_DISCRETE_0.41MM_470".
#87 WARNING(ORCAP-36006): Part Name "RES_0402_CC_DISCRETE_0.40 MM_470-75597_100K_5%" is renamed to "RES_0402_CC_DISCRETE_0.40 MM_47".
#88 WARNING(ORCAP-36006): Part Name "RES_0402_CC_DISCRETE_0.4 MM_470-30454_100" is renamed to "RES_0402_CC_DISCRETE_0.4 MM_4_2".
#89 WARNING(ORCAP-36006): Part Name "RES_RC0805_OV_DISCRETE_0.6 MM_470-76238_75.0_1%" is renamed to "RES_RC0805_OV_DISCRETE_0.6 MM_4".
#90 WARNING(ORCAP-36006): Part Name "RES_RC0603_OV_DISCRETE_0.457MM_470-80199_0.02_1%" is renamed to "RES_RC0603_OV_DISCRETE_0.457MM_".
#91 WARNING(ORCAP-36006): Part Name "RES_RC0805_OV_DISCRETE_0.5MM_470-80029_374_1%" is renamed to "RES_RC0805_OV_DISCRETE_0.5MM_47".
#92 WARNING(ORCAP-36006): Part Name "RES_RC0603_OV_DISCRETE_0.55MM_470-77900_93.1_1%" is renamed to "RES_RC0603_OV_DISCRETE_0.55MM_4".
#93 WARNING(ORCAP-36006): Part Name "RES_RC0603_OV_DISCRETE_0.55 MM_470-75432_49.9_1%_" is renamed to "RES_RC0603_OV_DISCRETE_0.55 MM_".
#94 WARNING(ORCAP-36006): Part Name "RES_0402_CC_DISCRETE_0.40 MM_470-30927_6.49K" is renamed to "RES_0402_CC_DISCRETE_0.40 MM__1".
#95 WARNING(ORCAP-36006): Part Name "RES_0402_CC_DISCRETE_0.41MM_470-75626_4.7K" is renamed to "RES_0402_CC_DISCRETE_0.41MM_4_1".
#96 WARNING(ORCAP-36006): Part Name "RES_RC0402_25_DISCRETE_0.41MM_470-75626_4.7K_5%_" is renamed to "RES_RC0402_25_DISCRETE_0.41MM_4".
#97 WARNING(ORCAP-36006): Part Name "RES_0402_CC_DISCRETE_0.4MM_470-80487_1.5K" is renamed to "RES_0402_CC_DISCRETE_0.4MM_470-".
#98 WARNING(ORCAP-36006): Part Name "RES_0402_CC_DISCRETE_0.40 MM_470-75597_100K" is renamed to "RES_0402_CC_DISCRETE_0.40 MM__2".
#99 WARNING(ORCAP-36006): Part Name "RES_RC0402_25_DISCRETE_0.40 MM_470-30965_15K_1%_" is renamed to "RES_RC0402_25_DISCRETE_0.40 MM_".
#100 WARNING(ORCAP-36006): Part Name "RES_RC0402_25_DISCRETE_0.41MM_470-75626_4.7K" is renamed to "RES_RC0402_25_DISCRETE_0.41MM_1".
#101 WARNING(ORCAP-36006): Part Name "RES_0402_CC_DISCRETE_0.4MM_470-79978_1M" is renamed to "RES_0402_CC_DISCRETE_0.4MM_47_1".
#102 WARNING(ORCAP-36006): Part Name "RES_RC0402_25_DISCRETE_0.40 MM_470-76064_3.3K_5%" is renamed to "RES_RC0402_25_DISCRETE_0.40 M_1".
#103 WARNING(ORCAP-36006): Part Name "RES_RC0402_25_DISCRETE_0.40 MM_470-31210_2.2M" is renamed to "RES_RC0402_25_DISCRETE_0.40 M_2".
#104 WARNING(ORCAP-36006): Part Name "RES_0402_CC_DISCRETE_0.40 MM_470-31093_200K" is renamed to "RES_0402_CC_DISCRETE_0.40 MM__3".
#105 WARNING(ORCAP-36006): Part Name "RES_0402_CC_DISCRETE_0.40 MM_470-31135_464K" is renamed to "RES_0402_CC_DISCRETE_0.40 MM__4".
#106 WARNING(ORCAP-36006): Part Name "RES_RC0603_OV_DISCRETE_0.6MM_470-30297_220" is renamed to "RES_RC0603_OV_DISCRETE_0.6MM_47".
#107 WARNING(ORCAP-36006): Part Name "RES_RC0402_25_DISCRETE_0.4MM_470-76590_30K" is renamed to "RES_RC0402_25_DISCRETE_0.4MM_47".
#108 WARNING(ORCAP-36006): Part Name "RES_RC0402_25_DISCRETE_0.4MM_470-76240_100K" is renamed to "RES_RC0402_25_DISCRETE_0.4MM__1".
#109 WARNING(ORCAP-36006): Part Name "RES_RC0402_25_DISCRETE_0.40 MM_470-31004_33K" is renamed to "RES_RC0402_25_DISCRETE_0.40 M_3".
#110 WARNING(ORCAP-36006): Part Name "RES_0402_CC_DISCRETE_0.40 MM_470-31088_180K" is renamed to "RES_0402_CC_DISCRETE_0.40 MM__5".
#111 WARNING(ORCAP-36006): Part Name "RES_RC0402_25_DISCRETE_0.4MM_470-81890_270" is renamed to "RES_RC0402_25_DISCRETE_0.4MM__2".
#112 WARNING(ORCAP-36006): Part Name "RES_RC0402_25_DISCRETE_0.4 MM_470-76083_12.0K" is renamed to "RES_RC0402_25_DISCRETE_0.4 MM_4".
#113 WARNING(ORCAP-36006): Part Name "RES_RC0402_25_DISCRETE_0.4 MM_470-76602_2.2K_5%" is renamed to "RES_RC0402_25_DISCRETE_0.4 MM_1".
#114 WARNING(ORCAP-36006): Part Name "RES_0402_CC_DISCRETE_0.40 MM_470-31015_40.2K" is renamed to "RES_0402_CC_DISCRETE_0.40 MM__6".
#115 WARNING(ORCAP-36006): Part Name "RES_RC0402_25_DISCRETE_0.40 MM_470-31088_180K_1%" is renamed to "RES_RC0402_25_DISCRETE_0.40 M_4".
#116 WARNING(ORCAP-36006): Part Name "RES_RC0402_25_DISCRETE_0.45MM_470-82143_100" is renamed to "RES_RC0402_25_DISCRETE_0.45MM_4".
#117 WARNING(ORCAP-36006): Part Name "RES_0402_CC_DISCRETE_0.40 MM_470-31102_243K" is renamed to "RES_0402_CC_DISCRETE_0.40 MM__7".
#118 WARNING(ORCAP-36006): Part Name "RES_RC0603_OV_DISCRETE_0.55MM_470-75847_10" is renamed to "RES_RC0603_OV_DISCRETE_0.55MM_1".
#119 WARNING(ORCAP-36006): Part Name "RES_0805_CC_DISCRETE_0.6 MM_470-78674_62.0" is renamed to "RES_0805_CC_DISCRETE_0.6 MM_470".
#120 WARNING(ORCAP-36006): Part Name "SW_DPDT_3_SW6_DPDT_11X6MM_IC_9.5MM_510-77598_EG2209A" is renamed to "SW_DPDT_3_SW6_DPDT_11X6MM_IC_9.".
#121 WARNING(ORCAP-36006): Part Name "SW_PB_ESW_SW4_PB_ESW_SM_P177_IC_5MM_510-77562_SPST PB" is renamed to "SW_PB_ESW_SW4_PB_ESW_SM_P177_IC".
#122 WARNING(ORCAP-36006): Part Name "SW_DIP-4_SM_97C04_IC_1.65 MM_510-77990_DHN-04" is renamed to "SW_DIP-4_SM_97C04_IC_1.65 MM_51".
#123 WARNING(ORCAP-36006): Part Name "XFMR_XFMR6_6P6X6P2_4.82MM_560-75273_TTWB1010L" is renamed to "XFMR_XFMR6_6P6X6P2_4.82MM_560-7".
#124 WARNING(ORCAP-36006): Part Name "TESTLOOP_TPAD_030_IO_0.1MM_211-76642_TPAD_030" is renamed to "TESTLOOP_TPAD_030_IO_0.1MM_211-".
#125 WARNING(ORCAP-36006): Part Name "T POINT R_TESTPOINT_35MIL_IC_0.1MM_510-75618_TP_35MIL" is renamed to "T POINT R_TESTPOINT_35MIL_IC_0.".
#126 WARNING(ORCAP-36006): Part Name "TEST_POINT_TP_TH_063_IC_5.6MM_210-30155_5006" is renamed to "TEST_POINT_TP_TH_063_IC_5.6MM_2".
#127 WARNING(ORCAP-36006): Part Name "DIODE_TVS_BIDIR_DIODE2_SOD523_IC_0.7MM_480-76937_ESD5B5.0ST1G" is renamed to "DIODE_TVS_BIDIR_DIODE2_SOD523_I".
#128 WARNING(ORCAP-36006): Part Name "IMX6_BGA_196P_BGA196_0P65_10X10MM_IC_1.52MM_(S1+S2+S3+S4+S5+S6)_330-77056_MIMXRT1052DVL6B" is renamed to "IMX6_BGA_196P_BGA196_0P65_10X10".
#129 WARNING(ORCAP-36006): Part Name "RCLAMP1654P_NEW_SLP1616P6_IC_0.65MM_480-78843_RCLAMP0854P.TCT" is renamed to "RCLAMP1654P_NEW_SLP1616P6_IC_0.".
#130 WARNING(ORCAP-36006): Part Name "TJA1057GT3_8P_SO8_1P27_4X5_IC_1.75MM_312-81479_TJA1057GT/3" is renamed to "TJA1057GT3_8P_SO8_1P27_4X5_IC_1".
#131 WARNING(ORCAP-36006): Part Name "WM8960_QFN_33P_QFN32_S142EP_IC_1MM_315-79450_WM8960" is renamed to "WM8960_QFN_33P_QFN32_S142EP_IC_".
#132 WARNING(ORCAP-36006): Part Name "74AUP2G06GW_MICROPAK_6P_IC_0.55MM_315-81072_NC7WV04L6X" is renamed to "74AUP2G06GW_MICROPAK_6P_IC_0.55".
#133 WARNING(ORCAP-36006): Part Name "100201_SO-1_SC-70_1.1 MM_312-30127_NL17SZ126DF" is renamed to "100201_SO-1_SC-70_1.1 MM_312-30".
#134 WARNING(ORCAP-36006): Part Name "KSZ8081RNB_32P_QFN32_0P5_EP3P3_IC_0.9MM_312-81089_KSZ8081RNB" is renamed to "KSZ8081RNB_32P_QFN32_0P5_EP3P3_".
#135 WARNING(ORCAP-36006): Part Name "SRV05-4_SOT23_S6_IC_1.45MM_480-75205_SRV05-4" is renamed to "SRV05-4_SOT23_S6_IC_1.45MM_480-".
#136 WARNING(ORCAP-36006): Part Name "S26KS512SDPBHI02_PBGA24_1_6X8MM_IC_1.0MM_342-00655_S26KS512SDPBHI02" is renamed to "S26KS512SDPBHI02_PBGA24_1_6X8MM".
#137 WARNING(ORCAP-36006): Part Name "SGM803_SOT23-3P_SOT-23_IC_1.25MM_315-80553_UM803RS" is renamed to "SGM803_SOT23-3P_SOT-23_IC_1.25M".
#138 WARNING(ORCAP-36006): Part Name "MT48LC16M16A2B4_BGA54_VFBGA54_8X8_IC_1.2 MM_334-77760_IS42S16160J-6BLI" is renamed to "MT48LC16M16A2B4_BGA54_VFBGA54_8".
#139 WARNING(ORCAP-36006): Part Name "MP2144GJ_TSOT23_8P_TSOT23_8_0P65_2X1_IC_1MM_315-80508_MP2144GJ" is renamed to "MP2144GJ_TSOT23_8P_TSOT23_8_0P6".
#140 WARNING(ORCAP-36006): Part Name "NX5P3090UK_WLCSP12_WLCSP12_0P4_1P38X1P68MM_SMDP_IC_0.565 MM_312-81574_NX5P3090UK" is renamed to "NX5P3090UK_WLCSP12_WLCSP12_0P4_".
#141 WARNING(ORCAP-36006): Part Name "FXOS8700CQ_QFN_16P_QFN5X3_0P5_3X3_IC_1.25MM_312-80418_FXOS8700CQ" is renamed to "FXOS8700CQ_QFN_16P_QFN5X3_0P5_3".
#142 WARNING(ORCAP-36006): Part Name "25WP_8P_SO8-25X75-200_IC_2.16MM_334-77734_IS25WP064AJBLE" is renamed to "25WP_8P_SO8-25X75-200_IC_2.16MM".
#143 WARNING(ORCAP-36006): Part Name "ADP172_CSP_4P_WLCSP4_0P4_0P8X0P8_SMDP_IC_0.54MM_315-81585_NX3P191UK" is renamed to "ADP172_CSP_4P_WLCSP4_0P4_0P8X0P".
#144 WARNING(ORCAP-36006): Part Name "LPC432_BGA_100P_FBGA100_0P8_9X9_IC_1.2MM_(S1+S2)_344-02176_LPC4322JET100" is renamed to "LPC432_BGA_100P_FBGA100_0P8_9X9".
#145 WARNING(ORCAP-36006): Part Name "PRTR5V0U2X_SOT143B_IC_1.1MM_315-76725_PRTR5V0U2X" is renamed to "PRTR5V0U2X_SOT143B_IC_1.1MM_315".
#146 WARNING(ORCAP-36006): Part Name "UM1750S-00_5P_SOT23-5_A_IC_1.25MM_315-80554_UM1750S-00" is renamed to "UM1750S-00_5P_SOT23-5_A_IC_1.25".
#147 WARNING(ORCAP-36006): Part Name "NTSX2102GU8H_8P_XQFN8_1P45X1P25MM_IC_0.5MM_312-80763_NTSX2102GU8H" is renamed to "NTSX2102GU8H_8P_XQFN8_1P45X1P25".
#148 WARNING(ORCAP-36006): Part Name "NTB0102_8P_TSSOP8_A_IC_1.1MM_312-80889_NTS0102" is renamed to "NTB0102_8P_TSSOP8_A_IC_1.1MM_31".
#149 WARNING(ORCAP-36006): Part Name "74LVCH1T45_6P_SOT-363_0P65_SMT_IC_1.1MM_312-81277_74LVC1T45GW,125" is renamed to "74LVCH1T45_6P_SOT-363_0P65_SMT_".
#150 WARNING(ORCAP-36006): Part Name "74LVC2T45DC_8P_SSOP8_DCU_IC_1MM_312-81751_74LVC2T45DC" is renamed to "74LVC2T45DC_8P_SSOP8_DCU_IC_1MM".
#151 WARNING(ORCAP-36006): Part Name "UM805_4P_SOT_143_IC_1.22MM_315-80564_UM805RE" is renamed to "UM805_4P_SOT_143_IC_1.22MM_315-".
#152 WARNING(ORCAP-36006): Part Name "MCP1700_SOT23-3-1P95_IC_1.4MM_315-81422_UM1550S-18" is renamed to "MCP1700_SOT23-3-1P95_IC_1.4MM_3".
#153 WARNING(ORCAP-36006): Part Name "UM1661_SOT23_6P_SOT23_6_B_IC_1.45MM_315-81383_UM1661" is renamed to "UM1661_SOT23_6P_SOT23_6_B_IC_1.".
#154 WARNING(ORCAP-36006): Part Name "CRYSTAL_JXS63_XTLOSC4_3P2X2P5MM_SM_IC_0.9MM_230-77452_24MHZ" is renamed to "CRYSTAL_JXS63_XTLOSC4_3P2X2P5MM".
#155 WARNING(ORCAP-36006): Part Name "CRYSTAL_XTAL2-3P2X1P5-SM_IC_0.9MM_230-78102_32.768KHZ" is renamed to "CRYSTAL_XTAL2-3P2X1P5-SM_IC_0.9".
#156 WARNING(ORCAP-36006): Part Name "XTAL_XTL2_11P6X4P85_SM_IC_3.3MM_230-78082_12MHZ" is renamed to "XTAL_XTL2_11P6X4P85_SM_IC_3.3MM".
INFO(ORCAP-36080): Scanning netlist files ...

Loading... C:\WORK\5-PROJECT\29_I.MX6RT\EVK_BOARD\EVKB BOARD\REV_B1\SCH-30168\allegro/pstchip.dat

Loading... C:\WORK\5-PROJECT\29_I.MX6RT\EVK_BOARD\EVKB BOARD\REV_B1\SCH-30168\allegro/pstchip.dat

Loading... C:\WORK\5-PROJECT\29_I.MX6RT\EVK_BOARD\EVKB BOARD\REV_B1\SCH-30168\allegro/pstchip.dat

Loading... C:\WORK\5-PROJECT\29_I.MX6RT\EVK_BOARD\EVKB BOARD\REV_B1\SCH-30168\allegro/pstxnet.dat
packaging the design view...